{"/home/oskari/CS-E4675_fullStackWD/part5/bloglist-frontend/src/App.jsx": {"path":"/home/oskari/CS-E4675_fullStackWD/part5/bloglist-frontend/src/App.jsx","statementMap":{"0":{"start":{"line":9,"column":12},"end":{"line":148,"column":1}},"1":{"start":{"line":10,"column":28},"end":{"line":10,"column":40}},"2":{"start":{"line":11,"column":34},"end":{"line":11,"column":46}},"3":{"start":{"line":12,"column":34},"end":{"line":12,"column":46}},"4":{"start":{"line":13,"column":26},"end":{"line":13,"column":40}},"5":{"start":{"line":14,"column":42},"end":{"line":14,"column":77}},"6":{"start":{"line":15,"column":22},"end":{"line":15,"column":30}},"7":{"start":{"line":17,"column":2},"end":{"line":24,"column":8}},"8":{"start":{"line":18,"column":27},"end":{"line":18,"column":75}},"9":{"start":{"line":19,"column":4},"end":{"line":23,"column":5}},"10":{"start":{"line":20,"column":19},"end":{"line":20,"column":45}},"11":{"start":{"line":21,"column":6},"end":{"line":21,"column":19}},"12":{"start":{"line":22,"column":6},"end":{"line":22,"column":38}},"13":{"start":{"line":26,"column":2},"end":{"line":31,"column":8}},"14":{"start":{"line":27,"column":4},"end":{"line":30,"column":6}},"15":{"start":{"line":28,"column":26},"end":{"line":28,"column":65}},"16":{"start":{"line":28,"column":47},"end":{"line":28,"column":64}},"17":{"start":{"line":29,"column":6},"end":{"line":29,"column":27}},"18":{"start":{"line":33,"column":29},"end":{"line":38,"column":3}},"19":{"start":{"line":34,"column":4},"end":{"line":34,"column":53}},"20":{"start":{"line":35,"column":4},"end":{"line":37,"column":12}},"21":{"start":{"line":36,"column":6},"end":{"line":36,"column":48}},"22":{"start":{"line":40,"column":22},"end":{"line":57,"column":3}},"23":{"start":{"line":41,"column":4},"end":{"line":41,"column":26}},"24":{"start":{"line":43,"column":4},"end":{"line":56,"column":5}},"25":{"start":{"line":44,"column":19},"end":{"line":46,"column":8}},"26":{"start":{"line":47,"column":6},"end":{"line":49,"column":7}},"27":{"start":{"line":50,"column":6},"end":{"line":50,"column":38}},"28":{"start":{"line":51,"column":6},"end":{"line":51,"column":19}},"29":{"start":{"line":52,"column":6},"end":{"line":52,"column":21}},"30":{"start":{"line":53,"column":6},"end":{"line":53,"column":21}},"31":{"start":{"line":55,"column":6},"end":{"line":55,"column":54}},"32":{"start":{"line":59,"column":23},"end":{"line":62,"column":3}},"33":{"start":{"line":60,"column":4},"end":{"line":60,"column":55}},"34":{"start":{"line":61,"column":4},"end":{"line":61,"column":17}},"35":{"start":{"line":64,"column":21},"end":{"line":76,"column":3}},"36":{"start":{"line":65,"column":4},"end":{"line":75,"column":5}},"37":{"start":{"line":66,"column":27},"end":{"line":66,"column":61}},"38":{"start":{"line":66,"column":46},"end":{"line":66,"column":60}},"39":{"start":{"line":67,"column":26},"end":{"line":67,"column":76}},"40":{"start":{"line":68,"column":6},"end":{"line":68,"column":47}},"41":{"start":{"line":69,"column":27},"end":{"line":69,"column":83}},"42":{"start":{"line":69,"column":46},"end":{"line":69,"column":81}},"43":{"start":{"line":70,"column":26},"end":{"line":70,"column":72}},"44":{"start":{"line":70,"column":54},"end":{"line":70,"column":71}},"45":{"start":{"line":71,"column":6},"end":{"line":71,"column":27}},"46":{"start":{"line":72,"column":6},"end":{"line":72,"column":53}},"47":{"start":{"line":74,"column":6},"end":{"line":74,"column":60}},"48":{"start":{"line":78,"column":23},"end":{"line":87,"column":3}},"49":{"start":{"line":79,"column":4},"end":{"line":86,"column":5}},"50":{"start":{"line":80,"column":6},"end":{"line":80,"column":34}},"51":{"start":{"line":81,"column":6},"end":{"line":81,"column":52}},"52":{"start":{"line":81,"column":36},"end":{"line":81,"column":50}},"53":{"start":{"line":82,"column":6},"end":{"line":82,"column":64}},"54":{"start":{"line":84,"column":6},"end":{"line":84,"column":58}},"55":{"start":{"line":85,"column":6},"end":{"line":85,"column":58}},"56":{"start":{"line":89,"column":18},"end":{"line":98,"column":3}},"57":{"start":{"line":90,"column":4},"end":{"line":97,"column":5}},"58":{"start":{"line":91,"column":26},"end":{"line":91,"column":59}},"59":{"start":{"line":92,"column":6},"end":{"line":92,"column":41}},"60":{"start":{"line":93,"column":6},"end":{"line":93,"column":62}},"61":{"start":{"line":94,"column":6},"end":{"line":94,"column":44}},"62":{"start":{"line":96,"column":6},"end":{"line":96,"column":59}},"63":{"start":{"line":100,"column":20},"end":{"line":123,"column":3}},"64":{"start":{"line":101,"column":4},"end":{"line":122,"column":11}},"65":{"start":{"line":109,"column":36},"end":{"line":109,"column":61}},"66":{"start":{"line":118,"column":36},"end":{"line":118,"column":61}},"67":{"start":{"line":125,"column":2},"end":{"line":147,"column":3}},"68":{"start":{"line":136,"column":12},"end":{"line":142,"column":14}}},"fnMap":{"0":{"name":"(anonymous_0)","decl":{"start":{"line":9,"column":12},"end":{"line":9,"column":13}},"loc":{"start":{"line":9,"column":18},"end":{"line":148,"column":1}},"line":9},"1":{"name":"(anonymous_1)","decl":{"start":{"line":17,"column":12},"end":{"line":17,"column":13}},"loc":{"start":{"line":17,"column":18},"end":{"line":24,"column":3}},"line":17},"2":{"name":"(anonymous_2)","decl":{"start":{"line":26,"column":12},"end":{"line":26,"column":13}},"loc":{"start":{"line":26,"column":18},"end":{"line":31,"column":3}},"line":26},"3":{"name":"(anonymous_3)","decl":{"start":{"line":27,"column":30},"end":{"line":27,"column":31}},"loc":{"start":{"line":27,"column":39},"end":{"line":30,"column":5}},"line":27},"4":{"name":"(anonymous_4)","decl":{"start":{"line":28,"column":37},"end":{"line":28,"column":38}},"loc":{"start":{"line":28,"column":47},"end":{"line":28,"column":64}},"line":28},"5":{"name":"(anonymous_5)","decl":{"start":{"line":33,"column":29},"end":{"line":33,"column":30}},"loc":{"start":{"line":33,"column":48},"end":{"line":38,"column":3}},"line":33},"6":{"name":"(anonymous_6)","decl":{"start":{"line":35,"column":15},"end":{"line":35,"column":16}},"loc":{"start":{"line":35,"column":21},"end":{"line":37,"column":5}},"line":35},"7":{"name":"(anonymous_7)","decl":{"start":{"line":40,"column":22},"end":{"line":40,"column":23}},"loc":{"start":{"line":40,"column":39},"end":{"line":57,"column":3}},"line":40},"8":{"name":"(anonymous_8)","decl":{"start":{"line":59,"column":23},"end":{"line":59,"column":24}},"loc":{"start":{"line":59,"column":29},"end":{"line":62,"column":3}},"line":59},"9":{"name":"(anonymous_9)","decl":{"start":{"line":64,"column":21},"end":{"line":64,"column":22}},"loc":{"start":{"line":64,"column":35},"end":{"line":76,"column":3}},"line":64},"10":{"name":"(anonymous_10)","decl":{"start":{"line":66,"column":38},"end":{"line":66,"column":39}},"loc":{"start":{"line":66,"column":46},"end":{"line":66,"column":60}},"line":66},"11":{"name":"(anonymous_11)","decl":{"start":{"line":69,"column":37},"end":{"line":69,"column":38}},"loc":{"start":{"line":69,"column":46},"end":{"line":69,"column":81}},"line":69},"12":{"name":"(anonymous_12)","decl":{"start":{"line":70,"column":44},"end":{"line":70,"column":45}},"loc":{"start":{"line":70,"column":54},"end":{"line":70,"column":71}},"line":70},"13":{"name":"(anonymous_13)","decl":{"start":{"line":78,"column":23},"end":{"line":78,"column":24}},"loc":{"start":{"line":78,"column":35},"end":{"line":87,"column":3}},"line":78},"14":{"name":"(anonymous_14)","decl":{"start":{"line":81,"column":28},"end":{"line":81,"column":29}},"loc":{"start":{"line":81,"column":36},"end":{"line":81,"column":50}},"line":81},"15":{"name":"(anonymous_15)","decl":{"start":{"line":89,"column":18},"end":{"line":89,"column":19}},"loc":{"start":{"line":89,"column":37},"end":{"line":98,"column":3}},"line":89},"16":{"name":"(anonymous_16)","decl":{"start":{"line":100,"column":20},"end":{"line":100,"column":21}},"loc":{"start":{"line":101,"column":4},"end":{"line":122,"column":11}},"line":101},"17":{"name":"(anonymous_17)","decl":{"start":{"line":109,"column":20},"end":{"line":109,"column":21}},"loc":{"start":{"line":109,"column":36},"end":{"line":109,"column":61}},"line":109},"18":{"name":"(anonymous_18)","decl":{"start":{"line":118,"column":20},"end":{"line":118,"column":21}},"loc":{"start":{"line":118,"column":36},"end":{"line":118,"column":61}},"line":118},"19":{"name":"(anonymous_19)","decl":{"start":{"line":135,"column":21},"end":{"line":135,"column":22}},"loc":{"start":{"line":136,"column":12},"end":{"line":142,"column":14}},"line":136}},"branchMap":{"0":{"loc":{"start":{"line":19,"column":4},"end":{"line":23,"column":5}},"type":"if","locations":[{"start":{"line":19,"column":4},"end":{"line":23,"column":5}},{"start":{},"end":{}}],"line":19},"1":{"loc":{"start":{"line":69,"column":46},"end":{"line":69,"column":81}},"type":"cond-expr","locations":[{"start":{"line":69,"column":63},"end":{"line":69,"column":74}},{"start":{"line":69,"column":77},"end":{"line":69,"column":81}}],"line":69},"2":{"loc":{"start":{"line":128,"column":7},"end":{"line":144,"column":14}},"type":"cond-expr","locations":[{"start":{"line":128,"column":23},"end":{"line":128,"column":34}},{"start":{"line":129,"column":8},"end":{"line":144,"column":14}}],"line":128}},"s":{"0":0,"1":0,"2":0,"3":0,"4":0,"5":0,"6":0,"7":0,"8":0,"9":0,"10":0,"11":0,"12":0,"13":0,"14":0,"15":0,"16":0,"17":0,"18":0,"19":0,"20":0,"21":0,"22":0,"23":0,"24":0,"25":0,"26":0,"27":0,"28":0,"29":0,"30":0,"31":0,"32":0,"33":0,"34":0,"35":0,"36":0,"37":0,"38":0,"39":0,"40":0,"41":0,"42":0,"43":0,"44":0,"45":0,"46":0,"47":0,"48":0,"49":0,"50":0,"51":0,"52":0,"53":0,"54":0,"55":0,"56":0,"57":0,"58":0,"59":0,"60":0,"61":0,"62":0,"63":0,"64":0,"65":0,"66":0,"67":0,"68":0},"f":{"0":0,"1":0,"2":0,"3":0,"4":0,"5":0,"6":0,"7":0,"8":0,"9":0,"10":0,"11":0,"12":0,"13":0,"14":0,"15":0,"16":0,"17":0,"18":0,"19":0},"b":{"0":[0,0],"1":[0,0],"2":[0,0]}}
,"/home/oskari/CS-E4675_fullStackWD/part5/bloglist-frontend/src/main.jsx": {"path":"/home/oskari/CS-E4675_fullStackWD/part5/bloglist-frontend/src/main.jsx","statementMap":{"0":{"start":{"line":4,"column":0},"end":{"line":4,"column":68}}},"fnMap":{},"branchMap":{},"s":{"0":0},"f":{},"b":{}}
,"/home/oskari/CS-E4675_fullStackWD/part5/bloglist-frontend/src/components/Blog.jsx": {"path":"/home/oskari/CS-E4675_fullStackWD/part5/bloglist-frontend/src/components/Blog.jsx","statementMap":{"0":{"start":{"line":4,"column":13},"end":{"line":52,"column":1}},"1":{"start":{"line":5,"column":40},"end":{"line":5,"column":55}},"2":{"start":{"line":7,"column":24},"end":{"line":9,"column":3}},"3":{"start":{"line":8,"column":4},"end":{"line":8,"column":32}},"4":{"start":{"line":11,"column":20},"end":{"line":17,"column":3}},"5":{"start":{"line":19,"column":27},"end":{"line":22,"column":3}},"6":{"start":{"line":20,"column":4},"end":{"line":20,"column":26}},"7":{"start":{"line":21,"column":4},"end":{"line":21,"column":23}},"8":{"start":{"line":24,"column":28},"end":{"line":28,"column":3}},"9":{"start":{"line":25,"column":4},"end":{"line":27,"column":5}},"10":{"start":{"line":26,"column":6},"end":{"line":26,"column":27}},"11":{"start":{"line":30,"column":2},"end":{"line":51,"column":3}},"12":{"start":{"line":54,"column":0},"end":{"line":59,"column":1}}},"fnMap":{"0":{"name":"(anonymous_0)","decl":{"start":{"line":4,"column":13},"end":{"line":4,"column":14}},"loc":{"start":{"line":4,"column":59},"end":{"line":52,"column":1}},"line":4},"1":{"name":"(anonymous_1)","decl":{"start":{"line":7,"column":24},"end":{"line":7,"column":25}},"loc":{"start":{"line":7,"column":30},"end":{"line":9,"column":3}},"line":7},"2":{"name":"(anonymous_2)","decl":{"start":{"line":19,"column":27},"end":{"line":19,"column":28}},"loc":{"start":{"line":19,"column":44},"end":{"line":22,"column":3}},"line":19},"3":{"name":"(anonymous_3)","decl":{"start":{"line":24,"column":28},"end":{"line":24,"column":29}},"loc":{"start":{"line":24,"column":34},"end":{"line":28,"column":3}},"line":24}},"branchMap":{"0":{"loc":{"start":{"line":25,"column":4},"end":{"line":27,"column":5}},"type":"if","locations":[{"start":{"line":25,"column":4},"end":{"line":27,"column":5}},{"start":{},"end":{}}],"line":25},"1":{"loc":{"start":{"line":35,"column":11},"end":{"line":35,"column":40}},"type":"cond-expr","locations":[{"start":{"line":35,"column":25},"end":{"line":35,"column":31}},{"start":{"line":35,"column":34},"end":{"line":35,"column":40}}],"line":35},"2":{"loc":{"start":{"line":38,"column":7},"end":{"line":49,"column":7}},"type":"binary-expr","locations":[{"start":{"line":38,"column":7},"end":{"line":38,"column":18}},{"start":{"line":39,"column":8},"end":{"line":48,"column":14}}],"line":38},"3":{"loc":{"start":{"line":45,"column":11},"end":{"line":47,"column":11}},"type":"binary-expr","locations":[{"start":{"line":45,"column":11},"end":{"line":45,"column":15}},{"start":{"line":45,"column":19},"end":{"line":45,"column":55}},{"start":{"line":46,"column":12},"end":{"line":46,"column":63}}],"line":45}},"s":{"0":0,"1":0,"2":0,"3":0,"4":0,"5":0,"6":0,"7":0,"8":0,"9":0,"10":0,"11":0,"12":0},"f":{"0":0,"1":0,"2":0,"3":0},"b":{"0":[0,0],"1":[0,0],"2":[0,0],"3":[0,0,0]}}
,"/home/oskari/CS-E4675_fullStackWD/part5/bloglist-frontend/src/components/BlogForm.jsx": {"path":"/home/oskari/CS-E4675_fullStackWD/part5/bloglist-frontend/src/components/BlogForm.jsx","statementMap":{"0":{"start":{"line":3,"column":17},"end":{"line":49,"column":1}},"1":{"start":{"line":4,"column":32},"end":{"line":4,"column":76}},"2":{"start":{"line":6,"column":27},"end":{"line":9,"column":3}},"3":{"start":{"line":7,"column":28},"end":{"line":7,"column":40}},"4":{"start":{"line":8,"column":4},"end":{"line":8,"column":45}},"5":{"start":{"line":11,"column":21},"end":{"line":15,"column":3}},"6":{"start":{"line":12,"column":4},"end":{"line":12,"column":26}},"7":{"start":{"line":13,"column":4},"end":{"line":13,"column":20}},"8":{"start":{"line":14,"column":4},"end":{"line":14,"column":50}},"9":{"start":{"line":17,"column":2},"end":{"line":48,"column":3}}},"fnMap":{"0":{"name":"(anonymous_0)","decl":{"start":{"line":3,"column":17},"end":{"line":3,"column":18}},"loc":{"start":{"line":3,"column":34},"end":{"line":49,"column":1}},"line":3},"1":{"name":"(anonymous_1)","decl":{"start":{"line":6,"column":27},"end":{"line":6,"column":28}},"loc":{"start":{"line":6,"column":38},"end":{"line":9,"column":3}},"line":6},"2":{"name":"(anonymous_2)","decl":{"start":{"line":11,"column":21},"end":{"line":11,"column":22}},"loc":{"start":{"line":11,"column":32},"end":{"line":15,"column":3}},"line":11}},"branchMap":{},"s":{"0":0,"1":0,"2":0,"3":0,"4":0,"5":0,"6":0,"7":0,"8":0,"9":0},"f":{"0":0,"1":0,"2":0},"b":{}}
,"/home/oskari/CS-E4675_fullStackWD/part5/bloglist-frontend/src/components/Notification.jsx": {"path":"/home/oskari/CS-E4675_fullStackWD/part5/bloglist-frontend/src/components/Notification.jsx","statementMap":{"0":{"start":{"line":1,"column":21},"end":{"line":15,"column":1}},"1":{"start":{"line":2,"column":2},"end":{"line":4,"column":3}},"2":{"start":{"line":3,"column":4},"end":{"line":3,"column":15}},"3":{"start":{"line":6,"column":28},"end":{"line":8,"column":3}},"4":{"start":{"line":10,"column":2},"end":{"line":14,"column":3}}},"fnMap":{"0":{"name":"(anonymous_0)","decl":{"start":{"line":1,"column":21},"end":{"line":1,"column":22}},"loc":{"start":{"line":1,"column":44},"end":{"line":15,"column":1}},"line":1}},"branchMap":{"0":{"loc":{"start":{"line":2,"column":2},"end":{"line":4,"column":3}},"type":"if","locations":[{"start":{"line":2,"column":2},"end":{"line":4,"column":3}},{"start":{},"end":{}}],"line":2},"1":{"loc":{"start":{"line":7,"column":11},"end":{"line":7,"column":47}},"type":"cond-expr","locations":[{"start":{"line":7,"column":32},"end":{"line":7,"column":39}},{"start":{"line":7,"column":42},"end":{"line":7,"column":47}}],"line":7}},"s":{"0":0,"1":0,"2":0,"3":0,"4":0},"f":{"0":0},"b":{"0":[0,0],"1":[0,0]}}
,"/home/oskari/CS-E4675_fullStackWD/part5/bloglist-frontend/src/components/Togglable.jsx": {"path":"/home/oskari/CS-E4675_fullStackWD/part5/bloglist-frontend/src/components/Togglable.jsx","statementMap":{"0":{"start":{"line":4,"column":18},"end":{"line":31,"column":2}},"1":{"start":{"line":5,"column":32},"end":{"line":5,"column":47}},"2":{"start":{"line":7,"column":26},"end":{"line":7,"column":60}},"3":{"start":{"line":8,"column":26},"end":{"line":8,"column":60}},"4":{"start":{"line":10,"column":27},"end":{"line":12,"column":3}},"5":{"start":{"line":11,"column":4},"end":{"line":11,"column":24}},"6":{"start":{"line":14,"column":2},"end":{"line":18,"column":4}},"7":{"start":{"line":15,"column":4},"end":{"line":17,"column":5}},"8":{"start":{"line":20,"column":2},"end":{"line":30,"column":3}},"9":{"start":{"line":33,"column":0},"end":{"line":33,"column":35}},"10":{"start":{"line":35,"column":0},"end":{"line":37,"column":1}}},"fnMap":{"0":{"name":"(anonymous_0)","decl":{"start":{"line":4,"column":29},"end":{"line":4,"column":30}},"loc":{"start":{"line":4,"column":45},"end":{"line":31,"column":1}},"line":4},"1":{"name":"(anonymous_1)","decl":{"start":{"line":10,"column":27},"end":{"line":10,"column":28}},"loc":{"start":{"line":10,"column":33},"end":{"line":12,"column":3}},"line":10},"2":{"name":"(anonymous_2)","decl":{"start":{"line":14,"column":27},"end":{"line":14,"column":28}},"loc":{"start":{"line":14,"column":33},"end":{"line":18,"column":3}},"line":14}},"branchMap":{"0":{"loc":{"start":{"line":7,"column":37},"end":{"line":7,"column":58}},"type":"cond-expr","locations":[{"start":{"line":7,"column":47},"end":{"line":7,"column":53}},{"start":{"line":7,"column":56},"end":{"line":7,"column":58}}],"line":7},"1":{"loc":{"start":{"line":8,"column":37},"end":{"line":8,"column":58}},"type":"cond-expr","locations":[{"start":{"line":8,"column":47},"end":{"line":8,"column":49}},{"start":{"line":8,"column":52},"end":{"line":8,"column":58}}],"line":8}},"s":{"0":1,"1":7,"2":7,"3":7,"4":7,"5":3,"6":7,"7":0,"8":7,"9":1,"10":1},"f":{"0":7,"1":3,"2":0},"b":{"0":[2,5],"1":[2,5]},"_coverageSchema":"1a1c01bbd47fc00a2c39e90264f33305004495a9","hash":"74c2fe3f6efc40cd1769c95cd1e8941d45d03057"}
,"/home/oskari/CS-E4675_fullStackWD/part5/bloglist-frontend/src/services/blogs.js": {"path":"/home/oskari/CS-E4675_fullStackWD/part5/bloglist-frontend/src/services/blogs.js","statementMap":{"0":{"start":{"line":2,"column":16},"end":{"line":2,"column":28}},"1":{"start":{"line":4,"column":12},"end":{"line":4,"column":16}},"2":{"start":{"line":6,"column":17},"end":{"line":8,"column":1}},"3":{"start":{"line":7,"column":2},"end":{"line":7,"column":30}},"4":{"start":{"line":10,"column":15},"end":{"line":13,"column":1}},"5":{"start":{"line":11,"column":19},"end":{"line":11,"column":43}},"6":{"start":{"line":12,"column":2},"end":{"line":12,"column":22}},"7":{"start":{"line":15,"column":15},"end":{"line":19,"column":1}},"8":{"start":{"line":16,"column":17},"end":{"line":16,"column":54}},"9":{"start":{"line":17,"column":19},"end":{"line":17,"column":63}},"10":{"start":{"line":18,"column":2},"end":{"line":18,"column":22}},"11":{"start":{"line":21,"column":15},"end":{"line":24,"column":1}},"12":{"start":{"line":22,"column":19},"end":{"line":22,"column":65}},"13":{"start":{"line":23,"column":2},"end":{"line":23,"column":22}},"14":{"start":{"line":26,"column":15},"end":{"line":30,"column":1}},"15":{"start":{"line":27,"column":17},"end":{"line":27,"column":54}},"16":{"start":{"line":28,"column":19},"end":{"line":28,"column":65}},"17":{"start":{"line":29,"column":2},"end":{"line":29,"column":22}}},"fnMap":{"0":{"name":"(anonymous_0)","decl":{"start":{"line":6,"column":17},"end":{"line":6,"column":18}},"loc":{"start":{"line":6,"column":29},"end":{"line":8,"column":1}},"line":6},"1":{"name":"(anonymous_1)","decl":{"start":{"line":10,"column":15},"end":{"line":10,"column":16}},"loc":{"start":{"line":10,"column":27},"end":{"line":13,"column":1}},"line":10},"2":{"name":"(anonymous_2)","decl":{"start":{"line":15,"column":15},"end":{"line":15,"column":16}},"loc":{"start":{"line":15,"column":34},"end":{"line":19,"column":1}},"line":15},"3":{"name":"(anonymous_3)","decl":{"start":{"line":21,"column":15},"end":{"line":21,"column":16}},"loc":{"start":{"line":21,"column":40},"end":{"line":24,"column":1}},"line":21},"4":{"name":"(anonymous_4)","decl":{"start":{"line":26,"column":15},"end":{"line":26,"column":16}},"loc":{"start":{"line":26,"column":27},"end":{"line":30,"column":1}},"line":26}},"branchMap":{},"s":{"0":0,"1":0,"2":0,"3":0,"4":0,"5":0,"6":0,"7":0,"8":0,"9":0,"10":0,"11":0,"12":0,"13":0,"14":0,"15":0,"16":0,"17":0},"f":{"0":0,"1":0,"2":0,"3":0,"4":0},"b":{}}
,"/home/oskari/CS-E4675_fullStackWD/part5/bloglist-frontend/src/services/login.js": {"path":"/home/oskari/CS-E4675_fullStackWD/part5/bloglist-frontend/src/services/login.js","statementMap":{"0":{"start":{"line":2,"column":16},"end":{"line":2,"column":28}},"1":{"start":{"line":4,"column":14},"end":{"line":7,"column":1}},"2":{"start":{"line":5,"column":19},"end":{"line":5,"column":57}},"3":{"start":{"line":6,"column":2},"end":{"line":6,"column":22}}},"fnMap":{"0":{"name":"(anonymous_0)","decl":{"start":{"line":4,"column":14},"end":{"line":4,"column":15}},"loc":{"start":{"line":4,"column":35},"end":{"line":7,"column":1}},"line":4}},"branchMap":{},"s":{"0":0,"1":0,"2":0,"3":0},"f":{"0":0},"b":{}}
}
